2025/05/22 10:35:16 This script requires root privileges to access auth logs. Please run with sudo.
2025/05/22 10:35:36 Failed to start HTTP server: listen tcp :8080: bind: address already in use
2025/05/22 10:36:11 Starting log monitoring at /var/log/auth.log
2025/05/22 10:36:53 Failed login detected: 2025-05-22T10:36:51.795074+05:30 lokeshkatari gdm-password][52320]: pam_unix(gdm-password:auth): authentication failure; logname=lokesh uid=0 euid=0 tty=/dev/tty1 ruser= rhost=  user=lokesh
2025/05/22 10:36:53 Failed to disable camera LED: exit status 1
2025/05/22 10:36:53 Image captured: /tmp/security_captures/security_20250522_103653.jpg
2025/05/22 10:36:54 Alert message sent to Telegram
2025/05/22 10:36:56 Image sent to Telegram
2025/05/22 10:37:36 Failed login detected: 2025-05-22T10:37:34.579104+05:30 lokeshkatari gdm-password][52761]: pam_unix(gdm-password:auth): authentication failure; logname=lokesh uid=0 euid=0 tty=/dev/tty1 ruser= rhost=  user=lokesh
2025/05/22 10:37:36 Failed to disable camera LED: exit status 1
2025/05/22 10:37:36 Image captured: /tmp/security_captures/security_20250522_103736.jpg
2025/05/22 10:37:37 Alert message sent to Telegram
2025/05/22 10:37:39 Image sent to Telegram
2025/05/22 10:37:47 Failed login detected: 2025-05-22T10:37:46.649862+05:30 lokeshkatari gdm-password][52936]: pam_unix(gdm-password:auth): authentication failure; logname=lokesh uid=0 euid=0 tty=/dev/tty1 ruser= rhost=  user=lokesh
2025/05/22 10:37:47 Failed to disable camera LED: exit status 1
2025/05/22 10:37:47 Image captured: /tmp/security_captures/security_20250522_103747.jpg
2025/05/22 10:37:48 Alert message sent to Telegram
2025/05/22 10:37:50 Image sent to Telegram
2025/05/22 10:37:56 Failed login detected: 2025-05-22T10:37:55.542730+05:30 lokeshkatari gdm-password][53085]: pam_unix(gdm-password:auth): authentication failure; logname=lokesh uid=0 euid=0 tty=/dev/tty1 ruser= rhost=  user=lokesh
2025/05/22 10:37:56 Failed to disable camera LED: exit status 1
2025/05/22 10:37:56 Image captured: /tmp/security_captures/security_20250522_103756.jpg
2025/05/22 10:37:56 Alert message sent to Telegram
2025/05/22 10:37:58 Image sent to Telegram
2025/05/22 11:28:39 Received termination signal. Shutting down...
2025/05/22 12:30:14 Failed to send startup notification: telegram API error: 404 Not Found, {"ok":false,"error_code":404,"description":"Not Found"}
2025/05/22 12:30:14 Starting log monitoring at /var/log/auth.log
2025/05/22 12:30:25 Received termination signal. Shutting down...
2025/05/22 12:33:57 Starting log monitoring at /var/log/auth.log
2025/05/22 12:34:05 Failed login detected: 2025-05-22T12:34:04.106740+05:30 lokeshkatari gdm-password][143810]: pam_unix(gdm-password:auth): authentication failure; logname=lokesh uid=0 euid=0 tty=/dev/tty1 ruser= rhost=  user=lokesh
2025/05/22 12:34:05 Failed to disable camera LED: exit status 1
2025/05/22 12:34:05 Image captured: /tmp/security_captures/security_20250522_123405.jpg
2025/05/22 12:34:06 Alert message sent to Telegram
2025/05/22 12:34:08 Image sent to Telegram
2025/05/22 12:34:20 Received termination signal. Shutting down...
2025/05/22 12:45:28 Failed to start HTTP server: listen tcp :8080: bind: address already in use
2025/05/22 12:45:38 Starting log monitoring at /var/log/auth.log
2025/05/22 12:45:56 Failed login detected: 2025-05-22T12:45:55.075538+05:30 lokeshkatari gdm-password][157586]: pam_unix(gdm-password:auth): authentication failure; logname=lokesh uid=0 euid=0 tty=/dev/tty1 ruser= rhost=  user=lokesh
2025/05/22 12:45:56 Failed to disable camera LED: exit status 1
2025/05/22 12:45:57 Image captured: /tmp/security_captures/security_20250522_124556.jpg
2025/05/22 12:45:57 Alert message sent to Telegram
2025/05/22 12:45:59 Image sent to Telegram
2025/05/22 14:37:12 Received termination signal. Shutting down...
